{"C:\\Users\\michaelcoriale\\my-app\\src\\App.css": {"path":"C:\\Users\\michaelcoriale\\my-app\\src\\App.css","statementMap":{},"fnMap":{},"branchMap":{},"s":{},"f":{},"b":{},"meta":{"lastBranch":0,"lastFunction":0,"lastStatement":0,"seen":{}}}
,"C:\\Users\\michaelcoriale\\my-app\\src\\App.jsx": {"path":"C:\\Users\\michaelcoriale\\my-app\\src\\App.jsx","statementMap":{"0":{"start":{"line":10,"column":2},"end":{"line":28,"column":null}}},"fnMap":{"0":{"name":"App","decl":{"start":{"line":9,"column":24},"end":{"line":9,"column":30}},"loc":{"start":{"line":9,"column":30},"end":{"line":30,"column":null}},"line":9}},"branchMap":{},"s":{"0":1},"f":{"0":1},"b":{},"meta":{"lastBranch":0,"lastFunction":1,"lastStatement":1,"seen":{"f:9:24:9:30":0,"s:10:2:28:Infinity":0}}}
,"C:\\Users\\michaelcoriale\\my-app\\src\\components\\Counter.jsx": {"path":"C:\\Users\\michaelcoriale\\my-app\\src\\components\\Counter.jsx","statementMap":{"0":{"start":{"line":3,"column":16},"end":{"line":3,"column":null}},"1":{"start":{"line":4,"column":2},"end":{"line":4,"column":null}},"2":{"start":{"line":4,"column":32},"end":{"line":4,"column":43}}},"fnMap":{"0":{"name":"Counter","decl":{"start":{"line":2,"column":24},"end":{"line":2,"column":32}},"loc":{"start":{"line":2,"column":47},"end":{"line":5,"column":null}},"line":2},"1":{"name":"(anonymous_1)","decl":{"start":{"line":4,"column":26},"end":{"line":4,"column":32}},"loc":{"start":{"line":4,"column":32},"end":{"line":4,"column":43}},"line":4}},"branchMap":{"0":{"loc":{"start":{"line":2,"column":34},"end":{"line":2,"column":44}},"type":"default-arg","locations":[{"start":{"line":2,"column":42},"end":{"line":2,"column":44}}],"line":2}},"s":{"0":2,"1":2,"2":1},"f":{"0":2,"1":1},"b":{"0":[2]},"meta":{"lastBranch":1,"lastFunction":2,"lastStatement":3,"seen":{"f:2:24:2:32":0,"b:2:42:2:44":0,"s:3:16:3:Infinity":0,"s:4:2:4:Infinity":1,"f:4:26:4:32":1,"s:4:32:4:43":2}}}
,"C:\\Users\\michaelcoriale\\my-app\\src\\components\\Hello.jsx": {"path":"C:\\Users\\michaelcoriale\\my-app\\src\\components\\Hello.jsx","statementMap":{"0":{"start":{"line":2,"column":2},"end":{"line":2,"column":null}}},"fnMap":{"0":{"name":"Hello","decl":{"start":{"line":1,"column":24},"end":{"line":1,"column":30}},"loc":{"start":{"line":1,"column":50},"end":{"line":3,"column":null}},"line":1}},"branchMap":{"0":{"loc":{"start":{"line":1,"column":32},"end":{"line":1,"column":47}},"type":"default-arg","locations":[{"start":{"line":1,"column":39},"end":{"line":1,"column":47}}],"line":1}},"s":{"0":1},"f":{"0":1},"b":{"0":[1]},"meta":{"lastBranch":1,"lastFunction":1,"lastStatement":1,"seen":{"f:1:24:1:30":0,"b:1:39:1:47":0,"s:2:2:2:Infinity":0}}}
,"C:\\Users\\michaelcoriale\\my-app\\src\\components\\MyComp.jsx": {"path":"C:\\Users\\michaelcoriale\\my-app\\src\\components\\MyComp.jsx","statementMap":{"0":{"start":{"line":2,"column":2},"end":{"line":2,"column":null}}},"fnMap":{"0":{"name":"MyComp","decl":{"start":{"line":1,"column":24},"end":{"line":1,"column":33}},"loc":{"start":{"line":1,"column":33},"end":{"line":3,"column":null}},"line":1}},"branchMap":{},"s":{"0":1},"f":{"0":1},"b":{},"meta":{"lastBranch":0,"lastFunction":1,"lastStatement":1,"seen":{"f:1:24:1:33":0,"s:2:2:2:Infinity":0}}}
,"C:\\Users\\michaelcoriale\\my-app\\src\\pages\\About.jsx": {"path":"C:\\Users\\michaelcoriale\\my-app\\src\\pages\\About.jsx","statementMap":{"0":{"start":{"line":2,"column":2},"end":{"line":2,"column":null}}},"fnMap":{"0":{"name":"About","decl":{"start":{"line":1,"column":24},"end":{"line":1,"column":32}},"loc":{"start":{"line":1,"column":32},"end":{"line":3,"column":null}},"line":1}},"branchMap":{},"s":{"0":1},"f":{"0":1},"b":{},"meta":{"lastBranch":0,"lastFunction":1,"lastStatement":1,"seen":{"f:1:24:1:32":0,"s:2:2:2:Infinity":0}}}
,"C:\\Users\\michaelcoriale\\my-app\\src\\pages\\Home.jsx": {"path":"C:\\Users\\michaelcoriale\\my-app\\src\\pages\\Home.jsx","statementMap":{"0":{"start":{"line":2,"column":2},"end":{"line":2,"column":null}}},"fnMap":{"0":{"name":"Home","decl":{"start":{"line":1,"column":24},"end":{"line":1,"column":31}},"loc":{"start":{"line":1,"column":31},"end":{"line":3,"column":null}},"line":1}},"branchMap":{},"s":{"0":1},"f":{"0":1},"b":{},"meta":{"lastBranch":0,"lastFunction":1,"lastStatement":1,"seen":{"f:1:24:1:31":0,"s:2:2:2:Infinity":0}}}
}
